[0.006s] Invoking command in '/home/shiven/colcon_ws/build/orbslam3': CMAKE_PREFIX_PATH=/opt/ros/foxy /usr/bin/cmake /home/shiven/colcon_ws/src/orbslam3_ros2 -DAMENT_CMAKE_SYMLINK_INSTALL=1 -DCMAKE_INSTALL_PREFIX=/home/shiven/colcon_ws/install/orbslam3
[0.015s] -- Found ament_cmake: 0.9.12 (/opt/ros/foxy/share/ament_cmake/cmake)
[0.026s] -- Using PYTHON_EXECUTABLE: /usr/bin/python3
[0.099s] -- Override CMake install command with custom implementation using symlinks instead of copying resources
[0.102s] -- Found rclcpp: 2.4.3 (/opt/ros/foxy/share/rclcpp/cmake)
[0.118s] -- Using all available rosidl_typesupport_c: rosidl_typesupport_fastrtps_c;rosidl_typesupport_introspection_c
[0.119s] -- Found rosidl_adapter: 1.3.1 (/opt/ros/foxy/share/rosidl_adapter/cmake)
[0.186s] -- Using all available rosidl_typesupport_cpp: rosidl_typesupport_fastrtps_cpp;rosidl_typesupport_introspection_cpp
[0.208s] -- Found rmw_implementation_cmake: 1.0.4 (/opt/ros/foxy/share/rmw_implementation_cmake/cmake)
[0.209s] -- Using RMW implementation 'rmw_fastrtps_cpp' as default
[0.275s] -- Found sensor_msgs: 2.0.5 (/opt/ros/foxy/share/sensor_msgs/cmake)
[0.327s] -- Found cv_bridge: 3.0.7 (/opt/ros/foxy/share/cv_bridge/cmake)
[0.339s] -- Found message_filters: 3.2.7 (/opt/ros/foxy/share/message_filters/cmake)
[0.346s] -- Found ORB_SLAM3: /home/shiven/ORB_SLAM3/lib/libORB_SLAM3.so  
[0.390s] -- Configuring done
[0.423s] -- Generating done
[0.424s] -- Build files have been written to: /home/shiven/colcon_ws/build/orbslam3
[0.427s] Invoked command in '/home/shiven/colcon_ws/build/orbslam3' returned '0': CMAKE_PREFIX_PATH=/opt/ros/foxy /usr/bin/cmake /home/shiven/colcon_ws/src/orbslam3_ros2 -DAMENT_CMAKE_SYMLINK_INSTALL=1 -DCMAKE_INSTALL_PREFIX=/home/shiven/colcon_ws/install/orbslam3
[0.429s] Invoking command in '/home/shiven/colcon_ws/build/orbslam3': CMAKE_PREFIX_PATH=/opt/ros/foxy /usr/bin/cmake --build /home/shiven/colcon_ws/build/orbslam3 -- -j32 -l32
[0.447s] [35m[1mScanning dependencies of target rgbd[0m
[0.447s] [35m[1mScanning dependencies of target stereo[0m
[0.447s] [35m[1mScanning dependencies of target mono[0m
[0.447s] [35m[1mScanning dependencies of target stereo-inertial[0m
[0.494s] [ 16%] [32mBuilding CXX object CMakeFiles/rgbd.dir/src/rgbd/rgbd.cpp.o[0m
[0.494s] [ 16%] [32mBuilding CXX object CMakeFiles/stereo.dir/src/stereo/stereo.cpp.o[0m
[0.494s] [ 25%] [32mBuilding CXX object CMakeFiles/mono.dir/src/monocular/mono.cpp.o[0m
[0.494s] [ 33%] [32mBuilding CXX object CMakeFiles/stereo.dir/src/stereo/stereo-slam-node.cpp.o[0m
[0.495s] [ 41%] [32mBuilding CXX object CMakeFiles/stereo-inertial.dir/src/stereo-inertial/stereo-inertial-node.cpp.o[0m
[0.495s] [ 50%] [32mBuilding CXX object CMakeFiles/rgbd.dir/src/rgbd/rgbd-slam-node.cpp.o[0m
[0.495s] [ 66%] [32mBuilding CXX object CMakeFiles/mono.dir/src/monocular/monocular-slam-node.cpp.o[0m
[0.496s] [ 66%] [32mBuilding CXX object CMakeFiles/stereo-inertial.dir/src/stereo-inertial/stereo-inertial.cpp.o[0m
[0.689s] In file included from [01m[K/home/shiven/ORB_SLAM3/include/Frame.h:30[m[K,
[0.689s]                  from [01m[K/home/shiven/ORB_SLAM3/include/KeyFrame.h:28[m[K,
[0.689s]                  from [01m[K/home/shiven/ORB_SLAM3/include/MapPoint.h:23[m[K,
[0.689s]                  from [01m[K/home/shiven/ORB_SLAM3/include/FrameDrawer.h:24[m[K,
[0.689s]                  from [01m[K/home/shiven/ORB_SLAM3/include/Viewer.h:23[m[K,
[0.690s]                  from [01m[K/home/shiven/ORB_SLAM3/include/Tracking.h:26[m[K,
[0.690s]                  from [01m[K/home/shiven/ORB_SLAM3/include/System.h:31[m[K,
[0.690s]                  from [01m[K/home/shiven/colcon_ws/src/orbslam3_ros2/src/monocular/monocular-slam-node.hpp:9[m[K,
[0.690s]                  from [01m[K/home/shiven/colcon_ws/src/orbslam3_ros2/src/monocular/mono.cpp:7[m[K:
[0.690s] [01m[K/home/shiven/ORB_SLAM3/include/ImuTypes.h:29:10:[m[K [01;31m[Kfatal error: [m[Ksophus/se3.hpp: No such file or directory
[0.690s]    29 | #include [01;31m[K<sophus/se3.hpp>[m[K
[0.690s]       |          [01;31m[K^~~~~~~~~~~~~~~~[m[K
[0.690s] compilation terminated.
[0.690s] In file included from [01m[K/home/shiven/ORB_SLAM3/include/Frame.h:30[m[K,
[0.690s]                  from [01m[K/home/shiven/ORB_SLAM3/include/KeyFrame.h:28[m[K,
[0.690s]                  from [01m[K/home/shiven/ORB_SLAM3/include/MapPoint.h:23[m[K,
[0.690s]                  from [01m[K/home/shiven/ORB_SLAM3/include/FrameDrawer.h:24[m[K,
[0.690s]                  from [01m[K/home/shiven/ORB_SLAM3/include/Viewer.h:23[m[K,
[0.690s]                  from [01m[K/home/shiven/ORB_SLAM3/include/Tracking.h:26[m[K,
[0.690s]                  from [01m[K/home/shiven/ORB_SLAM3/include/System.h:31[m[K,
[0.690s]                  from [01m[K/home/shiven/colcon_ws/src/orbslam3_ros2/src/monocular/monocular-slam-node.hpp:9[m[K,
[0.690s]                  from [01m[K/home/shiven/colcon_ws/src/orbslam3_ros2/src/monocular/monocular-slam-node.cpp:1[m[K:
[0.690s] [01m[K/home/shiven/ORB_SLAM3/include/ImuTypes.h:29:10:[m[K [01;31m[Kfatal error: [m[Ksophus/se3.hpp: No such file or directory
[0.690s]    29 | #include [01;31m[K<sophus/se3.hpp>[m[K
[0.691s]       |          [01;31m[K^~~~~~~~~~~~~~~~[m[K
[0.691s] compilation terminated.
[0.691s] In file included from [01m[K/home/shiven/ORB_SLAM3/include/Frame.h:30[m[K,
[0.691s]                  from [01m[K/home/shiven/ORB_SLAM3/include/KeyFrame.h:28[m[K,
[0.691s]                  from [01m[K/home/shiven/ORB_SLAM3/include/MapPoint.h:23[m[K,
[0.691s]                  from [01m[K/home/shiven/ORB_SLAM3/include/FrameDrawer.h:24[m[K,
[0.691s]                  from [01m[K/home/shiven/ORB_SLAM3/include/Viewer.h:23[m[K,
[0.691s]                  from [01m[K/home/shiven/ORB_SLAM3/include/Tracking.h:26[m[K,
[0.691s]                  from [01m[K/home/shiven/ORB_SLAM3/include/System.h:31[m[K,
[0.691s]                  from [01m[K/home/shiven/colcon_ws/src/orbslam3_ros2/src/stereo-inertial/stereo-inertial-node.hpp:10[m[K,
[0.691s]                  from [01m[K/home/shiven/colcon_ws/src/orbslam3_ros2/src/stereo-inertial/stereo-inertial-node.cpp:1[m[K:
[0.691s] [01m[K/home/shiven/ORB_SLAM3/include/ImuTypes.h:29:10:[m[K [01;31m[Kfatal error: [m[Ksophus/se3.hpp: No such file or directory
[0.691s]    29 | #include [01;31m[K<sophus/se3.hpp>[m[K
[0.691s]       |          [01;31m[K^~~~~~~~~~~~~~~~[m[K
[0.691s] compilation terminated.
[0.692s] In file included from [01m[K/home/shiven/ORB_SLAM3/include/Frame.h:30[m[K,
[0.692s]                  from [01m[K/home/shiven/ORB_SLAM3/include/KeyFrame.h:28[m[K,
[0.692s]                  from [01m[K/home/shiven/ORB_SLAM3/include/MapPoint.h:23[m[K,
[0.692s]                  from [01m[K/home/shiven/ORB_SLAM3/include/FrameDrawer.h:24[m[K,
[0.692s]                  from [01m[K/home/shiven/ORB_SLAM3/include/Viewer.h:23[m[K,
[0.692s]                  from [01m[K/home/shiven/ORB_SLAM3/include/Tracking.h:26[m[K,
[0.692s]                  from [01m[K/home/shiven/ORB_SLAM3/include/System.h:31[m[K,
[0.692s]                  from [01m[K/home/shiven/colcon_ws/src/orbslam3_ros2/src/stereo/stereo-slam-node.hpp:13[m[K,
[0.693s]                  from [01m[K/home/shiven/colcon_ws/src/orbslam3_ros2/src/stereo/stereo.cpp:7[m[K:
[0.693s] [01m[K/home/shiven/ORB_SLAM3/include/ImuTypes.h:29:10:[m[K [01;31m[Kfatal error: [m[Ksophus/se3.hpp: No such file or directory
[0.693s]    29 | #include [01;31m[K<sophus/se3.hpp>[m[K
[0.693s]       |          [01;31m[K^~~~~~~~~~~~~~~~[m[K
[0.693s] In file included from [01m[K/home/shiven/ORB_SLAM3/include/Frame.h:30[m[K,
[0.693s]                  from [01m[K/home/shiven/ORB_SLAM3/include/KeyFrame.h:28[m[K,
[0.693s]                  from [01m[K/home/shiven/ORB_SLAM3/include/MapPoint.h:23[m[K,
[0.693s]                  from [01m[K/home/shiven/ORB_SLAM3/include/FrameDrawer.h:24[m[K,
[0.693s]                  from [01m[K/home/shiven/ORB_SLAM3/include/Viewer.h:23[m[K,
[0.693s]                  from [01m[K/home/shiven/ORB_SLAM3/include/Tracking.h:26[m[K,
[0.693s]                  from [01m[K/home/shiven/ORB_SLAM3/include/System.h:31[m[K,
[0.693s]                  from [01m[K/home/shiven/colcon_ws/src/orbslam3_ros2/src/rgbd/rgbd-slam-node.hpp:18[m[K,
[0.693s]                  from [01m[K/home/shiven/colcon_ws/src/orbslam3_ros2/src/rgbd/rgbd.cpp:7[m[K:
[0.693s] [01m[K/home/shiven/ORB_SLAM3/include/ImuTypes.h:29:10:[m[K [01;31m[Kfatal error: [m[Ksophus/se3.hpp: No such file or directory
[0.693s]    29 | #include [01;31m[K<sophus/se3.hpp>[m[K
[0.693s]       |          [01;31m[K^~~~~~~~~~~~~~~~[m[K
[0.693s] compilation terminated.
[0.694s] compilation terminated.
[0.694s] In file included from [01m[K/home/shiven/ORB_SLAM3/include/Frame.h:30[m[K,
[0.694s]                  from [01m[K/home/shiven/ORB_SLAM3/include/KeyFrame.h:28[m[K,
[0.694s]                  from [01m[K/home/shiven/ORB_SLAM3/include/MapPoint.h:23[m[K,
[0.694s]                  from [01m[K/home/shiven/ORB_SLAM3/include/FrameDrawer.h:24[m[K,
[0.694s]                  from [01m[K/home/shiven/ORB_SLAM3/include/Viewer.h:23[m[K,
[0.694s]                  from [01m[K/home/shiven/ORB_SLAM3/include/Tracking.h:26[m[K,
[0.694s]                  from [01m[K/home/shiven/ORB_SLAM3/include/System.h:31[m[K,
[0.694s]                  from [01m[K/home/shiven/colcon_ws/src/orbslam3_ros2/src/rgbd/rgbd-slam-node.hpp:18[m[K,
[0.694s]                  from [01m[K/home/shiven/colcon_ws/src/orbslam3_ros2/src/rgbd/rgbd-slam-node.cpp:1[m[K:
[0.694s] [01m[K/home/shiven/ORB_SLAM3/include/ImuTypes.h:29:10:[m[K [01;31m[Kfatal error: [m[Ksophus/se3.hpp: No such file or directory
[0.694s]    29 | #include [01;31m[K<sophus/se3.hpp>[m[K
[0.694s]       |          [01;31m[K^~~~~~~~~~~~~~~~[m[K
[0.694s] compilation terminated.
[0.694s] In file included from [01m[K/home/shiven/ORB_SLAM3/include/Frame.h:30[m[K,
[0.694s]                  from [01m[K/home/shiven/ORB_SLAM3/include/KeyFrame.h:28[m[K,
[0.694s]                  from [01m[K/home/shiven/ORB_SLAM3/include/MapPoint.h:23[m[K,
[0.694s]                  from [01m[K/home/shiven/ORB_SLAM3/include/FrameDrawer.h:24[m[K,
[0.695s]                  from [01m[K/home/shiven/ORB_SLAM3/include/Viewer.h:23[m[K,
[0.695s]                  from [01m[K/home/shiven/ORB_SLAM3/include/Tracking.h:26[m[K,
[0.695s]                  from [01m[K/home/shiven/ORB_SLAM3/include/System.h:31[m[K,
[0.695s]                  from [01m[K/home/shiven/colcon_ws/src/orbslam3_ros2/src/stereo/stereo-slam-node.hpp:13[m[K,
[0.695s]                  from [01m[K/home/shiven/colcon_ws/src/orbslam3_ros2/src/stereo/stereo-slam-node.cpp:1[m[K:
[0.695s] [01m[K/home/shiven/ORB_SLAM3/include/ImuTypes.h:29:10:[m[K [01;31m[Kfatal error: [m[Ksophus/se3.hpp: No such file or directory
[0.695s]    29 | #include [01;31m[K<sophus/se3.hpp>[m[K
[0.695s]       |          [01;31m[K^~~~~~~~~~~~~~~~[m[K
[0.695s] compilation terminated.
[0.701s] make[2]: *** [CMakeFiles/mono.dir/build.make:76: CMakeFiles/mono.dir/src/monocular/monocular-slam-node.cpp.o] Error 1
[0.702s] make[2]: *** Waiting for unfinished jobs....
[0.702s] make[2]: *** [CMakeFiles/stereo.dir/build.make:63: CMakeFiles/stereo.dir/src/stereo/stereo.cpp.o] Error 1
[0.702s] make[2]: *** Waiting for unfinished jobs....
[0.702s] make[2]: *** [CMakeFiles/stereo.dir/build.make:76: CMakeFiles/stereo.dir/src/stereo/stereo-slam-node.cpp.o] Error 1
[0.702s] make[2]: *** [CMakeFiles/rgbd.dir/build.make:63: CMakeFiles/rgbd.dir/src/rgbd/rgbd.cpp.o] Error 1
[0.702s] make[2]: *** [CMakeFiles/stereo-inertial.dir/build.make:76: CMakeFiles/stereo-inertial.dir/src/stereo-inertial/stereo-inertial-node.cpp.o] Error 1
[0.702s] make[2]: *** Waiting for unfinished jobs....
[0.702s] make[2]: *** [CMakeFiles/rgbd.dir/build.make:76: CMakeFiles/rgbd.dir/src/rgbd/rgbd-slam-node.cpp.o] Error 1
[0.702s] make[2]: *** Waiting for unfinished jobs....
[0.702s] make[2]: *** [CMakeFiles/mono.dir/build.make:63: CMakeFiles/mono.dir/src/monocular/mono.cpp.o] Error 1
[0.702s] make[1]: *** [CMakeFiles/Makefile2:138: CMakeFiles/rgbd.dir/all] Error 2
[0.702s] make[1]: *** Waiting for unfinished jobs....
[0.702s] make[1]: *** [CMakeFiles/Makefile2:165: CMakeFiles/mono.dir/all] Error 2
[0.702s] make[1]: *** [CMakeFiles/Makefile2:111: CMakeFiles/stereo.dir/all] Error 2
[0.753s] In file included from [01m[K/home/shiven/ORB_SLAM3/include/Frame.h:30[m[K,
[0.753s]                  from [01m[K/home/shiven/ORB_SLAM3/include/KeyFrame.h:28[m[K,
[0.753s]                  from [01m[K/home/shiven/ORB_SLAM3/include/MapPoint.h:23[m[K,
[0.753s]                  from [01m[K/home/shiven/ORB_SLAM3/include/FrameDrawer.h:24[m[K,
[0.753s]                  from [01m[K/home/shiven/ORB_SLAM3/include/Viewer.h:23[m[K,
[0.753s]                  from [01m[K/home/shiven/ORB_SLAM3/include/Tracking.h:26[m[K,
[0.753s]                  from [01m[K/home/shiven/ORB_SLAM3/include/System.h:31[m[K,
[0.753s]                  from [01m[K/home/shiven/colcon_ws/src/orbslam3_ros2/src/stereo-inertial/stereo-inertial-node.hpp:10[m[K,
[0.753s]                  from [01m[K/home/shiven/colcon_ws/src/orbslam3_ros2/src/stereo-inertial/stereo-inertial.cpp:7[m[K:
[0.753s] [01m[K/home/shiven/ORB_SLAM3/include/ImuTypes.h:29:10:[m[K [01;31m[Kfatal error: [m[Ksophus/se3.hpp: No such file or directory
[0.753s]    29 | #include [01;31m[K<sophus/se3.hpp>[m[K
[0.753s]       |          [01;31m[K^~~~~~~~~~~~~~~~[m[K
[0.753s] compilation terminated.
[0.756s] make[2]: *** [CMakeFiles/stereo-inertial.dir/build.make:63: CMakeFiles/stereo-inertial.dir/src/stereo-inertial/stereo-inertial.cpp.o] Error 1
[0.756s] make[1]: *** [CMakeFiles/Makefile2:84: CMakeFiles/stereo-inertial.dir/all] Error 2
[0.756s] make: *** [Makefile:141: all] Error 2
[0.758s] Invoked command in '/home/shiven/colcon_ws/build/orbslam3' returned '2': CMAKE_PREFIX_PATH=/opt/ros/foxy /usr/bin/cmake --build /home/shiven/colcon_ws/build/orbslam3 -- -j32 -l32
