[0.005s] Invoking command in '/home/shiven/colcon_ws/build/rtabmap_conversions': AMENT_PREFIX_PATH=/home/shiven/colcon_ws/install/rtabmap_msgs:${AMENT_PREFIX_PATH} CMAKE_PREFIX_PATH=/home/shiven/colcon_ws/install/rtabmap_msgs:/home/shiven/colcon_ws/install/rtabmap:/opt/ros/foxy LD_LIBRARY_PATH=/home/shiven/colcon_ws/install/rtabmap_msgs/lib:/home/shiven/colcon_ws/install/rtabmap/lib:${LD_LIBRARY_PATH} PATH=/home/shiven/colcon_ws/install/rtabmap/bin:${PATH} PKG_CONFIG_PATH=/home/shiven/colcon_ws/install/rtabmap/lib/x86_64-linux-gnu/pkgconfig:/home/shiven/colcon_ws/install/rtabmap/lib/pkgconfig PYTHONPATH=/home/shiven/colcon_ws/install/rtabmap_msgs/lib/python3.8/site-packages:${PYTHONPATH} /usr/bin/cmake --build /home/shiven/colcon_ws/build/rtabmap_conversions
[0.017s] -- Found ament_cmake: 0.9.12 (/opt/ros/foxy/share/ament_cmake/cmake)
[0.028s] -- Using PYTHON_EXECUTABLE: /usr/bin/python3
[0.105s] -- Override CMake install command with custom implementation using symlinks instead of copying resources
[0.108s] -- Found cv_bridge: 3.0.7 (/opt/ros/foxy/share/cv_bridge/cmake)
[0.124s] -- Using all available rosidl_typesupport_c: rosidl_typesupport_fastrtps_c;rosidl_typesupport_introspection_c
[0.125s] -- Found rosidl_adapter: 1.3.1 (/opt/ros/foxy/share/rosidl_adapter/cmake)
[0.180s] -- Using all available rosidl_typesupport_cpp: rosidl_typesupport_fastrtps_cpp;rosidl_typesupport_introspection_cpp
[0.257s] -- Found image_geometry: 3.0.7 (/opt/ros/foxy/share/image_geometry/cmake)
[0.258s] -- Found laser_geometry: 2.2.0 (/opt/ros/foxy/share/laser_geometry/cmake)
[0.260s] -- Found pcl_conversions: 2.2.1 (/opt/ros/foxy/share/pcl_conversions/cmake)
[0.336s] -- Found rmw_implementation_cmake: 1.0.4 (/opt/ros/foxy/share/rmw_implementation_cmake/cmake)
[0.336s] -- Using RMW implementation 'rmw_fastrtps_cpp' as default
[0.406s] -- Found rtabmap_msgs: 0.21.9 (/home/shiven/colcon_ws/install/rtabmap_msgs/share/rtabmap_msgs/cmake)
[0.478s] -- Found tf2: 0.13.14 (/opt/ros/foxy/share/tf2/cmake)
[0.482s] -- Found tf2_eigen: 0.13.14 (/opt/ros/foxy/share/tf2_eigen/cmake)
[0.626s] -- Found tf2_geometry_msgs: 0.13.14 (/opt/ros/foxy/share/tf2_geometry_msgs/cmake)
[0.647s] -- Eigen found (include: /usr/include/eigen3, version: 3.3.7)
[0.656s] -- OpenNI found (include: /usr/include/ni, lib: /usr/lib/libOpenNI.so)
[0.658s] -- OpenNI2 found (include: /usr/include/openni2, lib: /usr/lib/libOpenNI2.so)
[0.658s] ** WARNING ** io features related to pcap will be disabled
[0.658s] ** WARNING ** io features related to png will be disabled
[0.682s] -- The imported target "vtkParseOGLExt" references the file
[0.682s]    "/usr/bin/vtkParseOGLExt-7.1"
[0.682s] but this file does not exist.  Possible reasons include:
[0.682s] * The file was deleted, renamed, or moved to another location.
[0.682s] * An install or uninstall procedure did not complete successfully.
[0.682s] * The installation package was faulty and contained
[0.682s]    "/usr/lib/cmake/vtk-7.1/VTKTargets.cmake"
[0.682s] but not all the files it references.
[0.682s] 
[0.683s] -- The imported target "vtkRenderingPythonTkWidgets" references the file
[0.683s]    "/usr/lib/x86_64-linux-gnu/libvtkRenderingPythonTkWidgets.so"
[0.683s] but this file does not exist.  Possible reasons include:
[0.683s] * The file was deleted, renamed, or moved to another location.
[0.683s] * An install or uninstall procedure did not complete successfully.
[0.683s] * The installation package was faulty and contained
[0.683s]    "/usr/lib/cmake/vtk-7.1/VTKTargets.cmake"
[0.683s] but not all the files it references.
[0.683s] 
[0.683s] -- The imported target "vtk" references the file
[0.683s]    "/usr/bin/vtk"
[0.683s] but this file does not exist.  Possible reasons include:
[0.683s] * The file was deleted, renamed, or moved to another location.
[0.683s] * An install or uninstall procedure did not complete successfully.
[0.683s] * The installation package was faulty and contained
[0.683s]    "/usr/lib/cmake/vtk-7.1/VTKTargets.cmake"
[0.683s] but not all the files it references.
[0.683s] 
[0.683s] -- The imported target "pvtk" references the file
[0.683s]    "/usr/bin/pvtk"
[0.683s] but this file does not exist.  Possible reasons include:
[0.683s] * The file was deleted, renamed, or moved to another location.
[0.684s] * An install or uninstall procedure did not complete successfully.
[0.684s] * The installation package was faulty and contained
[0.684s]    "/usr/lib/cmake/vtk-7.1/VTKTargets.cmake"
[0.684s] but not all the files it references.
[0.684s] 
[0.690s] ** WARNING ** io features related to libusb-1.0 will be disabled
[0.698s] -- QHULL found (include: /usr/include, lib: optimized;/usr/lib/x86_64-linux-gnu/libqhull.so;debug;/usr/lib/x86_64-linux-gnu/libqhull.so)
[0.711s] -- OpenNI found (include: /usr/include/ni, lib: /usr/lib/libOpenNI.so)
[0.714s] -- OpenNI2 found (include: /usr/include/openni2, lib: /usr/lib/libOpenNI2.so)
[0.719s] -- looking for PCL_COMMON
[0.720s] -- looking for PCL_OCTREE
[0.720s] -- looking for PCL_IO
[0.720s] -- looking for PCL_KDTREE
[0.720s] -- looking for PCL_SEARCH
[0.721s] -- looking for PCL_SURFACE
[0.721s] -- looking for PCL_FILTERS
[0.721s] -- looking for PCL_2D
[0.721s] -- looking for PCL_FEATURES
[0.722s] -- looking for PCL_REGISTRATION
[0.722s] -- looking for PCL_SAMPLE_CONSENSUS
[0.722s] -- looking for PCL_GEOMETRY
[0.722s] -- looking for PCL_ML
[0.722s] -- looking for PCL_SEGMENTATION
[0.723s] -- looking for PCL_VISUALIZATION
[0.798s] -- Configuring done
[0.828s] -- Generating done
[0.829s] -- Build files have been written to: /home/shiven/colcon_ws/build/rtabmap_conversions
[0.846s] [35m[1mScanning dependencies of target rtabmap_conversions[0m
[0.897s] [ 50%] [32mBuilding CXX object CMakeFiles/rtabmap_conversions.dir/src/MsgConversion.cpp.o[0m
[1.664s] [01m[K/home/shiven/colcon_ws/src/rtabmap_ros/rtabmap_conversions/src/MsgConversion.cpp:55:10:[m[K [01;31m[Kfatal error: [m[Ktf2_geometry_msgs/tf2_geometry_msgs.hpp: No such file or directory
[1.664s]    55 | #include [01;31m[K<tf2_geometry_msgs/tf2_geometry_msgs.hpp>[m[K
[1.664s]       |          [01;31m[K^~~~~~~~~~~~~~~~~~~~~~~~~~~~~~~~~~~~~~~~~[m[K
[1.664s] compilation terminated.
[1.680s] make[2]: *** [CMakeFiles/rtabmap_conversions.dir/build.make:63: CMakeFiles/rtabmap_conversions.dir/src/MsgConversion.cpp.o] Error 1
[1.681s] make[1]: *** [CMakeFiles/Makefile2:105: CMakeFiles/rtabmap_conversions.dir/all] Error 2
[1.681s] make: *** [Makefile:141: all] Error 2
[1.682s] Invoked command in '/home/shiven/colcon_ws/build/rtabmap_conversions' returned '2': AMENT_PREFIX_PATH=/home/shiven/colcon_ws/install/rtabmap_msgs:${AMENT_PREFIX_PATH} CMAKE_PREFIX_PATH=/home/shiven/colcon_ws/install/rtabmap_msgs:/home/shiven/colcon_ws/install/rtabmap:/opt/ros/foxy LD_LIBRARY_PATH=/home/shiven/colcon_ws/install/rtabmap_msgs/lib:/home/shiven/colcon_ws/install/rtabmap/lib:${LD_LIBRARY_PATH} PATH=/home/shiven/colcon_ws/install/rtabmap/bin:${PATH} PKG_CONFIG_PATH=/home/shiven/colcon_ws/install/rtabmap/lib/x86_64-linux-gnu/pkgconfig:/home/shiven/colcon_ws/install/rtabmap/lib/pkgconfig PYTHONPATH=/home/shiven/colcon_ws/install/rtabmap_msgs/lib/python3.8/site-packages:${PYTHONPATH} /usr/bin/cmake --build /home/shiven/colcon_ws/build/rtabmap_conversions
