[0.005s] Invoking command in '/home/shiven/colcon_ws/build/rtabmap_conversions': AMENT_PREFIX_PATH=/home/shiven/colcon_ws/install/rtabmap_msgs:${AMENT_PREFIX_PATH} CMAKE_PREFIX_PATH=/home/shiven/colcon_ws/install/rtabmap_msgs:/home/shiven/colcon_ws/install/rtabmap:/opt/ros/foxy LD_LIBRARY_PATH=/home/shiven/colcon_ws/install/rtabmap_msgs/lib:/home/shiven/colcon_ws/install/rtabmap/lib:${LD_LIBRARY_PATH} PATH=/home/shiven/colcon_ws/install/rtabmap/bin:${PATH} PKG_CONFIG_PATH=/home/shiven/colcon_ws/install/rtabmap/lib/x86_64-linux-gnu/pkgconfig:/home/shiven/colcon_ws/install/rtabmap/lib/pkgconfig PYTHONPATH=/home/shiven/colcon_ws/install/rtabmap_msgs/lib/python3.8/site-packages:${PYTHONPATH} /usr/bin/cmake /home/shiven/colcon_ws/src/rtabmap_ros/rtabmap_conversions -DCMAKE_BUILD_TYPE=Release -DAMENT_CMAKE_SYMLINK_INSTALL=1 -DCMAKE_INSTALL_PREFIX=/home/shiven/colcon_ws/install/rtabmap_conversions
[0.030s] -- The C compiler identification is GNU 9.4.0
[0.054s] -- The CXX compiler identification is GNU 9.4.0
[0.056s] -- Check for working C compiler: /usr/bin/cc
[0.088s] -- Check for working C compiler: /usr/bin/cc -- works
[0.088s] -- Detecting C compiler ABI info
[0.118s] -- Detecting C compiler ABI info - done
[0.123s] -- Detecting C compile features
[0.124s] -- Detecting C compile features - done
[0.125s] -- Check for working CXX compiler: /usr/bin/c++
[0.160s] -- Check for working CXX compiler: /usr/bin/c++ -- works
[0.161s] -- Detecting CXX compiler ABI info
[0.196s] -- Detecting CXX compiler ABI info - done
[0.201s] -- Detecting CXX compile features
[0.202s] -- Detecting CXX compile features - done
[0.203s] -- Found ament_cmake: 0.9.12 (/opt/ros/foxy/share/ament_cmake/cmake)
[0.214s] -- Found PythonInterp: /usr/bin/python3 (found suitable version "3.8.10", minimum required is "3") 
[0.214s] -- Using PYTHON_EXECUTABLE: /usr/bin/python3
[0.290s] -- Override CMake install command with custom implementation using symlinks instead of copying resources
[0.300s] -- Found cv_bridge: 3.0.7 (/opt/ros/foxy/share/cv_bridge/cmake)
[0.321s] -- Using all available rosidl_typesupport_c: rosidl_typesupport_fastrtps_c;rosidl_typesupport_introspection_c
[0.324s] -- Found rosidl_adapter: 1.3.1 (/opt/ros/foxy/share/rosidl_adapter/cmake)
[0.359s] -- Found OpenSSL: /usr/lib/x86_64-linux-gnu/libcrypto.so (found version "1.1.1f")  
[0.374s] -- Found FastRTPS: /opt/ros/foxy/include  
[0.411s] -- Using all available rosidl_typesupport_cpp: rosidl_typesupport_fastrtps_cpp;rosidl_typesupport_introspection_cpp
[0.503s] -- Found image_geometry: 3.0.7 (/opt/ros/foxy/share/image_geometry/cmake)
[0.506s] -- Found laser_geometry: 2.2.0 (/opt/ros/foxy/share/laser_geometry/cmake)
[0.511s] -- Found pcl_conversions: 2.2.1 (/opt/ros/foxy/share/pcl_conversions/cmake)
[0.597s] -- Found rmw_implementation_cmake: 1.0.4 (/opt/ros/foxy/share/rmw_implementation_cmake/cmake)
[0.598s] -- Using RMW implementation 'rmw_fastrtps_cpp' as default
[0.599s] -- Looking for pthread.h
[0.633s] -- Looking for pthread.h - found
[0.634s] -- Performing Test CMAKE_HAVE_LIBC_PTHREAD
[0.668s] -- Performing Test CMAKE_HAVE_LIBC_PTHREAD - Failed
[0.669s] -- Looking for pthread_create in pthreads
[0.697s] -- Looking for pthread_create in pthreads - not found
[0.697s] -- Looking for pthread_create in pthread
[0.730s] -- Looking for pthread_create in pthread - found
[0.730s] -- Found Threads: TRUE  
[0.808s] -- Found rtabmap_msgs: 0.21.9 (/home/shiven/colcon_ws/install/rtabmap_msgs/share/rtabmap_msgs/cmake)
[0.891s] -- Found tf2: 0.13.14 (/opt/ros/foxy/share/tf2/cmake)
[0.898s] -- Found tf2_eigen: 0.13.14 (/opt/ros/foxy/share/tf2_eigen/cmake)
[1.068s] -- Found tf2_geometry_msgs: 0.13.14 (/opt/ros/foxy/share/tf2_geometry_msgs/cmake)
[1.072s] -- Found Eigen3: TRUE (found version "3.4.0") 
[1.086s] -- Found OpenCV: /usr/local (found version "4.2.0") found components: core calib3d imgproc highgui stitching photo video aruco objdetect xfeatures2d missing components: nonfree gpu cudafeatures2d
[1.094s] -- Checking for module 'eigen3'
[1.101s] --   Found eigen3, version 3.4.0
[1.117s] -- Found Eigen: /usr/include/eigen3 (Required is at least version "3.1") 
[1.117s] -- Eigen found (include: /usr/include/eigen3, version: 3.3.7)
[1.139s] -- Found Boost: /usr/include (found suitable version "1.71.0", minimum required is "1.55.0") found components: system filesystem date_time iostreams regex 
[1.142s] -- Checking for module 'libusb-1.0'
[1.150s] --   Found libusb-1.0, version 1.0.23
[1.167s] -- Found USB_10: /usr/lib/x86_64-linux-gnu/libusb-1.0.so  
[1.190s] -- Found OpenNI: /usr/lib/libOpenNI.so  
[1.190s] -- OpenNI found (include: /usr/include/ni, lib: /usr/lib/libOpenNI.so)
[1.235s] -- Found OpenNI2: /usr/lib/libOpenNI2.so  
[1.235s] -- OpenNI2 found (include: /usr/include/openni2, lib: /usr/lib/libOpenNI2.so)
[1.235s] ** WARNING ** io features related to pcap will be disabled
[1.235s] ** WARNING ** io features related to png will be disabled
[1.261s] -- The imported target "vtkParseOGLExt" references the file
[1.262s]    "/usr/bin/vtkParseOGLExt-7.1"
[1.262s] but this file does not exist.  Possible reasons include:
[1.262s] * The file was deleted, renamed, or moved to another location.
[1.262s] * An install or uninstall procedure did not complete successfully.
[1.262s] * The installation package was faulty and contained
[1.262s]    "/usr/lib/cmake/vtk-7.1/VTKTargets.cmake"
[1.262s] but not all the files it references.
[1.262s] 
[1.262s] -- The imported target "vtkRenderingPythonTkWidgets" references the file
[1.262s]    "/usr/lib/x86_64-linux-gnu/libvtkRenderingPythonTkWidgets.so"
[1.262s] but this file does not exist.  Possible reasons include:
[1.262s] * The file was deleted, renamed, or moved to another location.
[1.262s] * An install or uninstall procedure did not complete successfully.
[1.262s] * The installation package was faulty and contained
[1.262s]    "/usr/lib/cmake/vtk-7.1/VTKTargets.cmake"
[1.262s] but not all the files it references.
[1.262s] 
[1.262s] -- The imported target "vtk" references the file
[1.262s]    "/usr/bin/vtk"
[1.262s] but this file does not exist.  Possible reasons include:
[1.262s] * The file was deleted, renamed, or moved to another location.
[1.262s] * An install or uninstall procedure did not complete successfully.
[1.262s] * The installation package was faulty and contained
[1.262s]    "/usr/lib/cmake/vtk-7.1/VTKTargets.cmake"
[1.263s] but not all the files it references.
[1.263s] 
[1.263s] -- The imported target "pvtk" references the file
[1.263s]    "/usr/bin/pvtk"
[1.263s] but this file does not exist.  Possible reasons include:
[1.263s] * The file was deleted, renamed, or moved to another location.
[1.263s] * An install or uninstall procedure did not complete successfully.
[1.263s] * The installation package was faulty and contained
[1.263s]    "/usr/lib/cmake/vtk-7.1/VTKTargets.cmake"
[1.263s] but not all the files it references.
[1.263s] 
[1.270s] -- Found libusb-1.0: /usr/include  
[1.270s] ** WARNING ** io features related to libusb-1.0 will be disabled
[1.277s] -- Checking for module 'flann'
[1.284s] --   Found flann, version 1.9.1
[1.302s] -- Found FLANN: /usr/lib/x86_64-linux-gnu/libflann_cpp.so  
[1.310s] -- Found Qhull: optimized;/usr/lib/x86_64-linux-gnu/libqhull.so;debug;/usr/lib/x86_64-linux-gnu/libqhull.so  
[1.310s] -- QHULL found (include: /usr/include, lib: optimized;/usr/lib/x86_64-linux-gnu/libqhull.so;debug;/usr/lib/x86_64-linux-gnu/libqhull.so)
[1.325s] -- OpenNI found (include: /usr/include/ni, lib: /usr/lib/libOpenNI.so)
[1.328s] -- OpenNI2 found (include: /usr/include/openni2, lib: /usr/lib/libOpenNI2.so)
[1.333s] -- looking for PCL_COMMON
[1.334s] -- Found PCL_COMMON: /usr/lib/x86_64-linux-gnu/libpcl_common.so  
[1.334s] -- looking for PCL_OCTREE
[1.335s] -- Found PCL_OCTREE: /usr/lib/x86_64-linux-gnu/libpcl_octree.so  
[1.335s] -- looking for PCL_IO
[1.335s] -- Found PCL_IO: /usr/lib/x86_64-linux-gnu/libpcl_io.so  
[1.336s] -- looking for PCL_KDTREE
[1.336s] -- Found PCL_KDTREE: /usr/lib/x86_64-linux-gnu/libpcl_kdtree.so  
[1.336s] -- looking for PCL_SEARCH
[1.337s] -- Found PCL_SEARCH: /usr/lib/x86_64-linux-gnu/libpcl_search.so  
[1.337s] -- looking for PCL_SURFACE
[1.337s] -- Found PCL_SURFACE: /usr/lib/x86_64-linux-gnu/libpcl_surface.so  
[1.337s] -- looking for PCL_FILTERS
[1.338s] -- Found PCL_FILTERS: /usr/lib/x86_64-linux-gnu/libpcl_filters.so  
[1.338s] -- looking for PCL_2D
[1.338s] -- Found PCL_2D: /usr/include/pcl-1.10  
[1.338s] -- looking for PCL_FEATURES
[1.338s] -- Found PCL_FEATURES: /usr/lib/x86_64-linux-gnu/libpcl_features.so  
[1.339s] -- looking for PCL_REGISTRATION
[1.339s] -- Found PCL_REGISTRATION: /usr/lib/x86_64-linux-gnu/libpcl_registration.so  
[1.339s] -- looking for PCL_SAMPLE_CONSENSUS
[1.340s] -- Found PCL_SAMPLE_CONSENSUS: /usr/lib/x86_64-linux-gnu/libpcl_sample_consensus.so  
[1.340s] -- looking for PCL_GEOMETRY
[1.340s] -- Found PCL_GEOMETRY: /usr/include/pcl-1.10  
[1.340s] -- looking for PCL_ML
[1.341s] -- Found PCL_ML: /usr/lib/x86_64-linux-gnu/libpcl_ml.so  
[1.341s] -- looking for PCL_SEGMENTATION
[1.341s] -- Found PCL_SEGMENTATION: /usr/lib/x86_64-linux-gnu/libpcl_segmentation.so  
[1.341s] -- looking for PCL_VISUALIZATION
[1.342s] -- Found PCL_VISUALIZATION: /usr/lib/x86_64-linux-gnu/libpcl_visualization.so  
[1.342s] -- Found PCL: pcl_common;pcl_octree;pcl_io;pcl_kdtree;pcl_search;pcl_surface;pcl_filters;pcl_features;pcl_registration;pcl_sample_consensus;pcl_ml;pcl_segmentation;pcl_visualization;/usr/lib/x86_64-linux-gnu/libboost_system.so;/usr/lib/x86_64-linux-gnu/libboost_filesystem.so;/usr/lib/x86_64-linux-gnu/libboost_date_time.so;/usr/lib/x86_64-linux-gnu/libboost_iostreams.so;/usr/lib/x86_64-linux-gnu/libboost_regex.so;optimized;/usr/lib/x86_64-linux-gnu/libqhull.so;debug;/usr/lib/x86_64-linux-gnu/libqhull.so;/usr/lib/libOpenNI.so;/usr/lib/libOpenNI2.so;vtkChartsCore;vtkCommonColor;vtkCommonCore;vtksys;vtkCommonDataModel;vtkCommonMath;vtkCommonMisc;vtkCommonSystem;vtkCommonTransforms;vtkCommonExecutionModel;vtkFiltersGeneral;vtkCommonComputationalGeometry;vtkFiltersCore;vtkInfovisCore;vtkFiltersExtraction;vtkFiltersStatistics;vtkImagingFourier;vtkImagingCore;vtkalglib;vtkRenderingContext2D;vtkRenderingCore;vtkFiltersGeometry;vtkFiltersSources;vtkRenderingFreeType;/usr/lib/x86_64-linux-gnu/libfreetype.so;/usr/lib/x86_64-linux-gnu/libz.so;vtkFiltersModeling;vtkImagingSources;vtkInteractionStyle;vtkInteractionWidgets;vtkFiltersHybrid;vtkImagingColor;vtkImagingGeneral;vtkImagingHybrid;vtkIOImage;vtkDICOMParser;vtkmetaio;/usr/lib/x86_64-linux-gnu/libjpeg.so;/usr/lib/x86_64-linux-gnu/libpng.so;/usr/lib/x86_64-linux-gnu/libtiff.so;vtkRenderingAnnotation;vtkRenderingVolume;vtkIOXML;vtkIOCore;vtkIOXMLParser;/usr/lib/x86_64-linux-gnu/libexpat.so;vtkIOGeometry;vtkIOLegacy;vtkIOPLY;vtkRenderingLOD;vtkViewsContext2D;vtkViewsCore;vtkRenderingContextOpenGL2;vtkRenderingOpenGL2;FLANN::FLANN (Required is at least version "1.7") 
[1.435s] -- Configuring done
[1.473s] -- Generating done
[1.474s] -- Build files have been written to: /home/shiven/colcon_ws/build/rtabmap_conversions
[1.482s] Invoked command in '/home/shiven/colcon_ws/build/rtabmap_conversions' returned '0': AMENT_PREFIX_PATH=/home/shiven/colcon_ws/install/rtabmap_msgs:${AMENT_PREFIX_PATH} CMAKE_PREFIX_PATH=/home/shiven/colcon_ws/install/rtabmap_msgs:/home/shiven/colcon_ws/install/rtabmap:/opt/ros/foxy LD_LIBRARY_PATH=/home/shiven/colcon_ws/install/rtabmap_msgs/lib:/home/shiven/colcon_ws/install/rtabmap/lib:${LD_LIBRARY_PATH} PATH=/home/shiven/colcon_ws/install/rtabmap/bin:${PATH} PKG_CONFIG_PATH=/home/shiven/colcon_ws/install/rtabmap/lib/x86_64-linux-gnu/pkgconfig:/home/shiven/colcon_ws/install/rtabmap/lib/pkgconfig PYTHONPATH=/home/shiven/colcon_ws/install/rtabmap_msgs/lib/python3.8/site-packages:${PYTHONPATH} /usr/bin/cmake /home/shiven/colcon_ws/src/rtabmap_ros/rtabmap_conversions -DCMAKE_BUILD_TYPE=Release -DAMENT_CMAKE_SYMLINK_INSTALL=1 -DCMAKE_INSTALL_PREFIX=/home/shiven/colcon_ws/install/rtabmap_conversions
[1.483s] Invoking command in '/home/shiven/colcon_ws/build/rtabmap_conversions': AMENT_PREFIX_PATH=/home/shiven/colcon_ws/install/rtabmap_msgs:${AMENT_PREFIX_PATH} CMAKE_PREFIX_PATH=/home/shiven/colcon_ws/install/rtabmap_msgs:/home/shiven/colcon_ws/install/rtabmap:/opt/ros/foxy LD_LIBRARY_PATH=/home/shiven/colcon_ws/install/rtabmap_msgs/lib:/home/shiven/colcon_ws/install/rtabmap/lib:${LD_LIBRARY_PATH} PATH=/home/shiven/colcon_ws/install/rtabmap/bin:${PATH} PKG_CONFIG_PATH=/home/shiven/colcon_ws/install/rtabmap/lib/x86_64-linux-gnu/pkgconfig:/home/shiven/colcon_ws/install/rtabmap/lib/pkgconfig PYTHONPATH=/home/shiven/colcon_ws/install/rtabmap_msgs/lib/python3.8/site-packages:${PYTHONPATH} /usr/bin/cmake --build /home/shiven/colcon_ws/build/rtabmap_conversions
[1.504s] [35m[1mScanning dependencies of target rtabmap_conversions[0m
[1.574s] [ 50%] [32mBuilding CXX object CMakeFiles/rtabmap_conversions.dir/src/MsgConversion.cpp.o[0m
[2.438s] [01m[K/home/shiven/colcon_ws/src/rtabmap_ros/rtabmap_conversions/src/MsgConversion.cpp:55:10:[m[K [01;31m[Kfatal error: [m[Ktf2_geometry_msgs/tf2_geometry_msgs.hpp: No such file or directory
[2.438s]    55 | #include [01;31m[K<tf2_geometry_msgs/tf2_geometry_msgs.hpp>[m[K
[2.438s]       |          [01;31m[K^~~~~~~~~~~~~~~~~~~~~~~~~~~~~~~~~~~~~~~~~[m[K
[2.438s] compilation terminated.
[2.449s] make[2]: *** [CMakeFiles/rtabmap_conversions.dir/build.make:63: CMakeFiles/rtabmap_conversions.dir/src/MsgConversion.cpp.o] Error 1
[2.450s] make[1]: *** [CMakeFiles/Makefile2:105: CMakeFiles/rtabmap_conversions.dir/all] Error 2
[2.450s] make: *** [Makefile:141: all] Error 2
[2.451s] Invoked command in '/home/shiven/colcon_ws/build/rtabmap_conversions' returned '2': AMENT_PREFIX_PATH=/home/shiven/colcon_ws/install/rtabmap_msgs:${AMENT_PREFIX_PATH} CMAKE_PREFIX_PATH=/home/shiven/colcon_ws/install/rtabmap_msgs:/home/shiven/colcon_ws/install/rtabmap:/opt/ros/foxy LD_LIBRARY_PATH=/home/shiven/colcon_ws/install/rtabmap_msgs/lib:/home/shiven/colcon_ws/install/rtabmap/lib:${LD_LIBRARY_PATH} PATH=/home/shiven/colcon_ws/install/rtabmap/bin:${PATH} PKG_CONFIG_PATH=/home/shiven/colcon_ws/install/rtabmap/lib/x86_64-linux-gnu/pkgconfig:/home/shiven/colcon_ws/install/rtabmap/lib/pkgconfig PYTHONPATH=/home/shiven/colcon_ws/install/rtabmap_msgs/lib/python3.8/site-packages:${PYTHONPATH} /usr/bin/cmake --build /home/shiven/colcon_ws/build/rtabmap_conversions
